app/proguard-rules.pro
# Add project specific ProGuard rules here.
# You can control the set of applied configuration files using the
# proguardFiles setting in build.gradle.
#
# For more details, see
#   http://developer.android.com/guide/developing/tools/proguard.html

# If your project uses WebView with JS, uncomment the following
# and specify the fully qualified class name to the JavaScript interface
# class:
#-keepclassmembers class fqcn.of.javascript.interface.for.webview {
#   public *;
#}

# Uncomment this to preserve the line number information for
# debugging stack traces.
#-keepattributes SourceFile,LineNumberTable

# If you keep the line number information, uncomment this to
# hide the original source file name.
#-renamesourcefileattribute SourceFile
-printconfiguration "build/outputs/mapping/configuration.txt"

-optimizations !code/simplification/arithmetic,!code/simplification/cast,!field/*,!class/merging/*
-optimizationpasses 5
-allowaccessmodification

-keep class com.jakb.prograddemo.*


-keep public class com.jakb.prograddemo.MainActivity {
   public static void main(java.lang.String[]);
}
-keep class com.jakb.prograddemo.MainActivity { <init>(...); }
-keep class com.jakb.prograddemo.**{*;}


-keepclasseswithmembers public class * {
    public static void main(java.lang.String[]);
}

-keepclassmembers class **.R$* {
 public static <fields>;
}

#-keepnames class com.jakb.prograddemo.MainActivity