app/seeds.txt
com.jakb.prograddemo.MainActivity: MainActivity()
com.jakb.prograddemo.SecondMainActivity: SecondMainActivity()
com.jakb.prograddemo.SecondMainActivity
com.jakb.prograddemo.MainActivity
...
androidx.appcompat.widget.AppCompatAutoCompleteTextView: void setSupportBackgroundTintMode(android.graphics.PorterDuff$Mode)
androidx.constraintlayout.widget.R$styleable: int AppCompatTheme_alertDialogButtonGroupStyle
androidx.appcompat.R$layout: int abc_list_menu_item_icon
androidx.constraintlayout.widget.R$styleable: int MockView_mock_showLabel
androidx.appcompat.R$attr: int splitTrack
androidx.appcompat.resources.R$styleable: int FontFamilyFont_fontWeight
androidx.constraintlayout.widget.R$styleable: int Layout_barrierDirection
androidx.constraintlayout.widget.R$styleable: int KeyCycle_android_translationX
androidx.appcompat.R$styleable: int GradientColor_android_endY
androidx.appcompat.resources.R$styleable: int AnimatedStateListDrawableTransition_android_toId
androidx.appcompat.resources.R$styleable: int[] GradientColor
androidx.constraintlayout.widget.R$styleable: int[] DrawerArrowToggle
androidx.constraintlayout.widget.R$styleable: int Constraint_flow_firstHorizontalStyle
androidx.appcompat.R$styleable: int AppCompatTheme_listPopupWindowStyle
androidx.constraintlayout.widget.R$styleable: int Constraint_layout_constraintStart_toStartOf
androidx.appcompat.R$dimen: int notification_small_icon_size_as_large
androidx.appcompat.R$style: int Base_TextAppearance_AppCompat_Small_Inverse
androidx.appcompat.R$styleable: int TextAppearance_android_textColorLink
androidx.appcompat.R$styleable: int AnimatedStateListDrawableTransition_android_drawable
androidx.constraintlayout.widget.R$styleable: int ConstraintSet_layout_constraintBottom_toBottomOf
androidx.appcompat.R$styleable: int AlertDialog_multiChoiceItemLayout
androidx.constraintlayout.widget.R$styleable: int ConstraintLayout_Layout_layout_constrainedWidth
androidx.appcompat.R$styleable: int[] PopupWindowBackgroundState
androidx.constraintlayout.widget.R$styleable: int FontFamilyFont_android_fontVariationSettings
androidx.appcompat.R$attr: int menu
androidx.appcompat.R$styleable: int MenuItem_tooltipText
androidx.constraintlayout.widget.R$id: int scrollView
androidx.core.R$id: int chronometer
androidx.constraintlayout.widget.R$styleable: int MenuItem_android_icon
androidx.constraintlayout.widget.R$id: int accessibility_custom_action_1
androidx.appcompat.widget.AppCompatRadioButton: void setBackgroundResource(int)
androidx.appcompat.widget.Toolbar: void setSubtitle(java.lang.CharSequence)
androidx.appcompat.R$styleable: int[] ListPopupWindow
androidx.constraintlayout.widget.R$styleable: int Motion_transitionEasing
androidx.constraintlayout.widget.R$styleable: int KeyPosition_drawPath
androidx.appcompat.widget.SearchView$SearchAutoComplete: void setThreshold(int)
androidx.constraintlayout.widget.R$styleable: int AppCompatTheme_editTextColor
androidx.constraintlayout.widget.R$id: int accessibility_custom_action_13
androidx.appcompat.R$styleable: int ActivityChooserView_expandActivityOverflowButtonDrawable
androidx.appcompat.R$style: int Base_Widget_AppCompat_SeekBar
androidx.appcompat.R$attr: int contentInsetEndWithActions
androidx.appcompat.R$styleable: int SearchView_android_maxWidth
androidx.appcompat.widget.AppCompatSpinner: void setPopupBackgroundDrawable(android.graphics.drawable.Drawable)
androidx.appcompat.R$dimen: int abc_text_size_medium_material
androidx.appcompat.R$style: int Base_Widget_AppCompat_ProgressBar
androidx.constraintlayout.widget.R$styleable: int GradientColor_android_endX
androidx.constraintlayout.widget.R$styleable: int Toolbar_buttonGravity
androidx.constraintlayout.widget.R$styleable: int SwitchCompat_splitTrack
androidx.appcompat.R$drawable: int abc_text_select_handle_right_mtrl_dark
androidx.appcompat.R$styleable: int SearchView_android_focusable
androidx.constraintlayout.widget.R$styleable: int KeyTimeCycle_android_scaleY
androidx.constraintlayout.widget.R$styleable: int ConstraintSet_barrierMargin
androidx.appcompat.widget.Toolbar: int getContentInsetStartWithNavigation()
androidx.appcompat.R$styleable: int MenuItem_actionProviderClass