app/mapping.txt
# compiler: R8
# compiler_version: 1.6.82
# min_api: 29
# pg_map_id: 76f6365
# common_typos_disable
com.jakb.prograddemo.MainActivity -> com.jakb.prograddemo.MainActivity:
    1:1:void <init>():10:10 -> <init>
    1:2:void onCreate(android.os.Bundle):14:15 -> onCreate
    3:4:void onCreate(android.os.Bundle):17:18 -> onCreate
com.jakb.prograddemo.MainActivity$1 -> com.jakb.prograddemo.MainActivity$a:
    com.jakb.prograddemo.MainActivity this$0 -> a
    1:1:void <init>(com.jakb.prograddemo.MainActivity):18:18 -> <init>
    1:2:void onClick(android.view.View):21:22 -> onClick
com.jakb.prograddemo.SecondMainActivity -> com.jakb.prograddemo.SecondMainActivity:
    1:1:void <init>():7:7 -> <init>
    1:2:void onCreate(android.os.Bundle):11:12 -> onCreate
...
androidx.core.view.accessibility.AccessibilityViewCommand$SetProgressArguments -> r7$f:
    1:1:void <init>():169:169 -> <init>
androidx.core.view.accessibility.AccessibilityViewCommand$SetSelectionArguments -> r7$g:
    1:1:void <init>():113:113 -> <init>
androidx.core.view.accessibility.AccessibilityViewCommand$SetTextArguments -> r7$h:
    1:1:void <init>():133:133 -> <init>
androidx.core.widget.AutoScrollHelper -> s7:
    boolean mNeedsReset -> m
    boolean mNeedsCancel -> n
    float[] mMaximumVelocity -> k
    boolean mAnimating -> o
    boolean mEnabled -> p
    float[] mRelativeVelocity -> i
    float[] mMinimumVelocity -> j
    int mActivationDelay -> h
    android.view.animation.Interpolator mEdgeInterpolator -> b
    boolean mAlreadyDelayed -> l
    float[] mRelativeEdges -> e
    float[] mMaximumEdges -> f
    int mEdgeType -> g
    java.lang.Runnable mRunnable -> d
    android.view.View mTarget -> c
    androidx.core.widget.AutoScrollHelper$ClampedScroller mScroller -> a
    int DEFAULT_ACTIVATION_DELAY -> q
    1:1:void <clinit>():195:195 -> <clinit>
    1:1:void <init>(android.view.View):210:210 -> <init>
    2:2:void <init>(android.view.View):138:138 -> <init>
    3:3:void <init>(android.view.View):141:141 -> <init>
    4:4:void <init>(android.view.View):150:150 -> <init>
    5:5:void <init>(android.view.View):153:153 -> <init>
    6:6:void <init>(android.view.View):162:162 -> <init>
    7:7:void <init>(android.view.View):165:165 -> <init>
    8:8:void <init>(android.view.View):168:168 -> <init>
    9:9:void <init>(android.view.View):211:211 -> <init>
    10:11:void <init>(android.view.View):213:214 -> <init>
    12:13:androidx.core.widget.AutoScrollHelper setMaximumVelocity(float,float):296:297 -> <init>
    12:13:void <init>(android.view.View):216 -> <init>
androidx.core.widget.AutoScrollHelper$ClampedScroller -> s7$a:
    long mStopTime -> i
    float mStopValue -> j
    long mDeltaTime -> f
    long mStartTime -> e
    int mEffectiveRampDown -> k
    int mDeltaY -> h
    float mTargetVelocityY -> d
    float mTargetVelocityX -> c
    int mDeltaX -> g
    int mRampDownDuration -> b
    int mRampUpDuration -> a
    1:6:void <init>():756:761 -> <init>
    1:1:float getValueAt(long):800:800 -> a
    2:2:float getValueAt(long):802:802 -> a
    3:4:float getValueAt(long):807:808 -> a
    5:6:float getValueAt(long):803:804 -> a
androidx.core.widget.AutoScrollHelper$ScrollAnimationRunnable -> s7$b:
    androidx.core.widget.AutoScrollHelper this$0 -> a
    1:1:void <init>(androidx.core.widget.AutoScrollHelper):695:695 -> <init>
    1:1:void run():700:700 -> run
    2:4:void run():704:706 -> run
    5:10:void androidx.core.widget.AutoScrollHelper$ClampedScroller.start():776:781 -> run
    5:10:void run():706 -> run
    11:11:void androidx.core.widget.AutoScrollHelper$ClampedScroller.start():776:776 -> run
    11:11:void run():706 -> run
    12:12:void run():709:709 -> run
    13:14:boolean androidx.core.widget.AutoScrollHelper$ClampedScroller.isFinished():795:796 -> run
    13:14:void run():710 -> run
    15:15:void run():710:710 -> run
    16:17:void run():715:716 -> run
    18:19:void androidx.core.widget.AutoScrollHelper.cancelTargetTouch():687:688 -> run
    18:19:void run():717 -> run
    20:21:void androidx.core.widget.AutoScrollHelper.cancelTargetTouch():690:691 -> run
    20:21:void run():717 -> run
    22:22:void androidx.core.widget.AutoScrollHelper.cancelTargetTouch():687:687 -> run
    22:22:void run():717 -> run
    23:23:void androidx.core.widget.AutoScrollHelper$ClampedScroller.computeScrollDelta():831:831 -> run
    23:23:void run():720 -> run
    24:25:void androidx.core.widget.AutoScrollHelper$ClampedScroller.computeScrollDelta():835:836 -> run
    24:25:void run():720 -> run
    26:26:void androidx.core.widget.AutoScrollHelper$ClampedScroller.computeScrollDelta():838:838 -> run