app/unused.txt
com.jakb.prograddemo.R$styleable
com.jakb.prograddemo.R$color
com.jakb.prograddemo.R
com.jakb.prograddemo.R$attr
com.jakb.prograddemo.R$anim
com.jakb.prograddemo.R$integer
com.jakb.prograddemo.R$layout
com.jakb.prograddemo.R$id
com.jakb.prograddemo.R$string
com.jakb.prograddemo.R$interpolator
com.jakb.prograddemo.R$style
com.jakb.prograddemo.R$bool
com.jakb.prograddemo.R$mipmap
com.jakb.prograddemo.BuildConfig
com.jakb.prograddemo.R$drawable
com.jakb.prograddemo.R$dimen
...
androidx.core.hardware.fingerprint.FingerprintManagerCompat$CryptoObject
androidx.core.R$styleable:
    private void <init>()
androidx.core.view.ViewCompat$ScrollAxis
androidx.annotation.HalfFloat
androidx.viewpager.widget.PagerTabStrip
androidx.core.view.ScaleGestureDetectorCompat
androidx.core.view.ViewGroupCompat:
    private void <init>()
    public static boolean onRequestSendAccessibilityEvent(android.view.ViewGroup,android.view.View,android.view.accessibility.AccessibilityEvent)
    public static void setMotionEventSplittingEnabled(android.view.ViewGroup,boolean)
    public static int getLayoutMode(android.view.ViewGroup)
    public static void setLayoutMode(android.view.ViewGroup,int)
    public static void setTransitionGroup(android.view.ViewGroup,boolean)
    public static int getNestedScrollAxes(android.view.ViewGroup)
    public static final int LAYOUT_MODE_CLIP_BOUNDS
    public static final int LAYOUT_MODE_OPTICAL_BOUNDS
androidx.core.app.NotificationCompat$CarExtender
androidx.annotation.LayoutRes
androidx.vectordrawable.graphics.drawable.PathInterpolatorCompat:
    private static final float PRECISION
    public static final int MAX_NUM_POINTS
    public static final double EPSILON
android.support.v4.app.INotificationSideChannel
androidx.core.provider.FontsContractCompat$4$3
androidx.core.app.RemoteActionCompat:
    public void <init>(androidx.core.graphics.drawable.IconCompat,java.lang.CharSequence,java.lang.CharSequence,android.app.PendingIntent)
    public void <init>(androidx.core.app.RemoteActionCompat)
    public static androidx.core.app.RemoteActionCompat createFromRemoteAction(android.app.RemoteAction)
    public void setEnabled(boolean)
    public boolean isEnabled()
    public void setShouldShowIcon(boolean)
    public boolean shouldShowIcon()
    public androidx.core.graphics.drawable.IconCompat getIcon()
    public java.lang.CharSequence getTitle()
    public java.lang.CharSequence getContentDescription()
    public android.app.PendingIntent getActionIntent()
    public android.app.RemoteAction toRemoteAction()
androidx.core.graphics.BitmapCompat
androidx.collection.CircularArray
androidx.constraintlayout.motion.widget.TimeCycleSplineSet$TranslationYset
androidx.core.provider.SelfDestructiveThread:
    public boolean isRunning()
    public int getGeneration()
    private static final int MSG_INVOKE_RUNNABLE
    private static final int MSG_DESTRUCTION
androidx.loader.R$color
androidx.fragment.R$string
androidx.vectordrawable.R$style
androidx.annotation.UiThread
androidx.appcompat.app.TwilightManager:
    static void setInstance(androidx.appcompat.app.TwilightManager)
    private static final java.lang.String TAG
    private static final int SUNRISE
    private static final int SUNSET
androidx.savedstate.R
androidx.annotation.GuardedBy
androidx.core.R$integer
androidx.constraintlayout.motion.widget.MotionScene$Transition$TransitionOnClick
androidx.appcompat.widget.VectorEnabledTintResources:
    public static void setCompatVectorFromResourcesEnabled(boolean)
    public static final int MAX_SDK_WHERE_REQUIRED
androidx.vectordrawable.animated.R$dimen
androidx.cursoradapter.widget.ResourceCursorAdapter:
    public void <init>(android.content.Context,int,android.database.Cursor)
    public void <init>(android.content.Context,int,android.database.Cursor,int)
    public void setViewResource(int)
    public void setDropDownViewResource(int)
androidx.core.graphics.BlendModeColorFilterCompat
androidx.constraintlayout.solver.widgets.Barrier:
    public void copy(androidx.constraintlayout.solver.widgets.ConstraintWidget,java.util.HashMap)
    public static final int LEFT
    public static final int RIGHT
    public static final int TOP
    public static final int BOTTOM
androidx.constraintlayout.motion.widget.SplineSet$TranslationXset
androidx.viewpager.widget.ViewPager$OnAdapterChangeListener
androidx.core.util.Pools$SynchronizedPool